<?xml version="1.0" encoding="UTF-8"?>
<!-- Generated by org.testng.reporters.JUnitReportReporter -->
<testsuite hostname="DESKTOP-TVUKR55" name="com.org.SampleSelTest" tests="1" failures="0" timestamp="22 Jun 2021 14:46:40 GMT" time="9.870" errors="0">
  <testcase name="TestMethod" time="9.870" classname="com.org.SampleSelTest"/>
</testsuite> <!-- com.org.SampleSelTest -->
