<?xml version="1.0" encoding="UTF-8"?>
<!-- Generated by org.testng.reporters.JUnitReportReporter -->
<testsuite skipped="0" hostname="DESKTOP-TVUKR55" name="com.org.SampleSelTest" tests="1" failures="0" timestamp="2021-06-23T04:03:02 BST" time="9.931" errors="0">
  <testcase name="TestMethod" time="9.931" classname="com.org.SampleSelTest"/>
  <system-out/>
</testsuite> <!-- com.org.SampleSelTest -->
